This file contains any messages produced by compilers while
running configure, to aid debugging if configure makes a mistake.

It was created by libstrophe configure trunk, which was
generated by GNU Autoconf 2.65.  Invocation command line was

  $ ./configure 

## --------- ##
## Platform. ##
## --------- ##

hostname = opengoss
uname -m = i386
uname -r = 9.8.0
uname -s = Darwin
uname -v = Darwin Kernel Version 9.8.0: Wed Jul 15 16:55:01 PDT 2009; root:xnu-1228.15.4~1/RELEASE_I386

/usr/bin/uname -p = i386
/bin/uname -X     = unknown

/bin/arch              = unknown
/usr/bin/arch -k       = unknown
/usr/convex/getsysinfo = unknown
/usr/bin/hostinfo      = Mach kernel version:
	 Darwin Kernel Version 9.8.0: Wed Jul 15 16:55:01 PDT 2009; root:xnu-1228.15.4~1/RELEASE_I386
Kernel configured for up to 2 processors.
2 processors are physically available.
2 processors are logically available.
Processor type: i486 (Intel 80486)
Processors active: 0 1
Primary memory available: 4.00 gigabytes
Default processor set: 113 tasks, 592 threads, 2 processors
Load average: 0.23, Mach factor: 1.76
/bin/machine           = unknown
/usr/bin/oslevel       = unknown
/bin/universe          = unknown

PATH: /Users/ery/.rvm/bin
PATH: /Users/ery/.rvm/rubies/ruby-1.9.2-p290/bin/
PATH: /opt/local/bin
PATH: /opt/local/sbin
PATH: /sw/bin
PATH: /sw/sbin
PATH: /opt/local/bin
PATH: /opt/local/sbin
PATH: /usr/bin
PATH: /bin
PATH: /usr/sbin
PATH: /sbin
PATH: /usr/local/bin
PATH: /usr/X11/bin
PATH: /usr/X11R6/bin


## ----------- ##
## Core tests. ##
## ----------- ##

configure:2177: checking for a BSD-compatible install
configure:2245: result: /opt/local/bin/ginstall -c
configure:2256: checking whether build environment is sane
configure:2306: result: yes
configure:2447: checking for a thread-safe mkdir -p
configure:2486: result: /opt/local/bin/gmkdir -p
configure:2499: checking for gawk
configure:2515: found /opt/local/bin/gawk
configure:2526: result: gawk
configure:2537: checking whether make sets $(MAKE)
configure:2559: result: yes
configure:2688: checking for gcc
configure:2704: found /usr/bin/gcc
configure:2715: result: gcc
configure:2944: checking for C compiler version
configure:2953: gcc --version >&5
i686-apple-darwin9-gcc-4.0.1 (GCC) 4.0.1 (Apple Inc. build 5490)
Copyright (C) 2005 Free Software Foundation, Inc.
This is free software; see the source for copying conditions.  There is NO
warranty; not even for MERCHANTABILITY or FITNESS FOR A PARTICULAR PURPOSE.

configure:2964: $? = 0
configure:2953: gcc -v >&5
Using built-in specs.
Target: i686-apple-darwin9
Configured with: /var/tmp/gcc/gcc-5490~1/src/configure --disable-checking -enable-werror --prefix=/usr --mandir=/share/man --enable-languages=c,objc,c++,obj-c++ --program-transform-name=/^[cg][^.-]*$/s/$/-4.0/ --with-gxx-include-dir=/include/c++/4.0.0 --with-slibdir=/usr/lib --build=i686-apple-darwin9 --with-arch=apple --with-tune=generic --host=i686-apple-darwin9 --target=i686-apple-darwin9
Thread model: posix
gcc version 4.0.1 (Apple Inc. build 5490)
configure:2964: $? = 0
configure:2953: gcc -V >&5
gcc-4.0: argument to `-V' is missing
configure:2964: $? = 1
configure:2953: gcc -qversion >&5
i686-apple-darwin9-gcc-4.0.1: no input files
configure:2964: $? = 1
configure:2984: checking whether the C compiler works
configure:3006: gcc    conftest.c  >&5
configure:3010: $? = 0
configure:3059: result: yes
configure:3062: checking for C compiler default output file name
configure:3064: result: a.out
configure:3070: checking for suffix of executables
configure:3077: gcc -o conftest    conftest.c  >&5
configure:3081: $? = 0
configure:3103: result: 
configure:3125: checking whether we are cross compiling
configure:3133: gcc -o conftest    conftest.c  >&5
configure:3137: $? = 0
configure:3144: ./conftest
configure:3148: $? = 0
configure:3163: result: no
configure:3168: checking for suffix of object files
configure:3190: gcc -c   conftest.c >&5
configure:3194: $? = 0
configure:3215: result: o
configure:3219: checking whether we are using the GNU C compiler
configure:3238: gcc -c   conftest.c >&5
configure:3238: $? = 0
configure:3247: result: yes
configure:3256: checking whether gcc accepts -g
configure:3276: gcc -c -g  conftest.c >&5
configure:3276: $? = 0
configure:3317: result: yes
configure:3334: checking for gcc option to accept ISO C89
configure:3398: gcc  -c -g -O2  conftest.c >&5
configure:3398: $? = 0
configure:3411: result: none needed
configure:3442: checking for style of include used by make
configure:3470: result: GNU
configure:3495: checking dependency style of gcc
configure:3605: result: gcc3
configure:3663: checking for ranlib
configure:3679: found /usr/bin/ranlib
configure:3690: result: ranlib
configure:3713: checking whether gcc and cc understand -c and -o together
configure:3744: gcc -c conftest.c -o conftest2.o >&5
configure:3748: $? = 0
configure:3754: gcc -c conftest.c -o conftest2.o >&5
configure:3758: $? = 0
configure:3769: cc -c conftest.c >&5
configure:3773: $? = 0
configure:3781: cc -c conftest.c -o conftest2.o >&5
configure:3785: $? = 0
configure:3791: cc -c conftest.c -o conftest2.o >&5
configure:3795: $? = 0
configure:3813: result: yes
configure:3845: checking how to run the C preprocessor
configure:3876: gcc -E  conftest.c
configure:3876: $? = 0
configure:3890: gcc -E  conftest.c
conftest.c:11:28: error: ac_nonexistent.h: No such file or directory
configure:3890: $? = 1
configure: failed program was:
| /* confdefs.h */
| #define PACKAGE_NAME "libstrophe"
| #define PACKAGE_TARNAME "libstrophe"
| #define PACKAGE_VERSION "trunk"
| #define PACKAGE_STRING "libstrophe trunk"
| #define PACKAGE_BUGREPORT "jack@metajack.im"
| #define PACKAGE_URL ""
| #define PACKAGE "libstrophe"
| #define VERSION "trunk"
| /* end confdefs.h.  */
| #include <ac_nonexistent.h>
configure:3915: result: gcc -E
configure:3935: gcc -E  conftest.c
configure:3935: $? = 0
configure:3949: gcc -E  conftest.c
conftest.c:11:28: error: ac_nonexistent.h: No such file or directory
configure:3949: $? = 1
configure: failed program was:
| /* confdefs.h */
| #define PACKAGE_NAME "libstrophe"
| #define PACKAGE_TARNAME "libstrophe"
| #define PACKAGE_VERSION "trunk"
| #define PACKAGE_STRING "libstrophe trunk"
| #define PACKAGE_BUGREPORT "jack@metajack.im"
| #define PACKAGE_URL ""
| #define PACKAGE "libstrophe"
| #define VERSION "trunk"
| /* end confdefs.h.  */
| #include <ac_nonexistent.h>
configure:3978: checking for grep that handles long lines and -e
configure:4036: result: /usr/bin/grep
configure:4041: checking for egrep
configure:4103: result: /usr/bin/grep -E
configure:4108: checking for ANSI C header files
configure:4128: gcc -c -g -O2  conftest.c >&5
configure:4128: $? = 0
configure:4201: gcc -o conftest -g -O2   conftest.c  >&5
configure:4201: $? = 0
configure:4201: ./conftest
configure:4201: $? = 0
configure:4212: result: yes
configure:4225: checking for sys/types.h
configure:4225: gcc -c -g -O2  conftest.c >&5
configure:4225: $? = 0
configure:4225: result: yes
configure:4225: checking for sys/stat.h
configure:4225: gcc -c -g -O2  conftest.c >&5
configure:4225: $? = 0
configure:4225: result: yes
configure:4225: checking for stdlib.h
configure:4225: gcc -c -g -O2  conftest.c >&5
configure:4225: $? = 0
configure:4225: result: yes
configure:4225: checking for string.h
configure:4225: gcc -c -g -O2  conftest.c >&5
configure:4225: $? = 0
configure:4225: result: yes
configure:4225: checking for memory.h
configure:4225: gcc -c -g -O2  conftest.c >&5
configure:4225: $? = 0
configure:4225: result: yes
configure:4225: checking for strings.h
configure:4225: gcc -c -g -O2  conftest.c >&5
configure:4225: $? = 0
configure:4225: result: yes
configure:4225: checking for inttypes.h
configure:4225: gcc -c -g -O2  conftest.c >&5
configure:4225: $? = 0
configure:4225: result: yes
configure:4225: checking for stdint.h
configure:4225: gcc -c -g -O2  conftest.c >&5
configure:4225: $? = 0
configure:4225: result: yes
configure:4225: checking for unistd.h
configure:4225: gcc -c -g -O2  conftest.c >&5
configure:4225: $? = 0
configure:4225: result: yes
configure:4238: checking openssl/ssl.h usability
configure:4238: gcc -c -g -O2  conftest.c >&5
configure:4238: $? = 0
configure:4238: result: yes
configure:4238: checking openssl/ssl.h presence
configure:4238: gcc -E  conftest.c
configure:4238: $? = 0
configure:4238: result: yes
configure:4238: checking for openssl/ssl.h
configure:4238: result: yes
configure:4295: checking for pkg-config
configure:4313: found /opt/local/bin/pkg-config
configure:4325: result: /opt/local/bin/pkg-config
configure:4350: checking pkg-config is at least version 0.9.0
configure:4353: result: yes
configure:4364: checking for check
configure:4371: $PKG_CONFIG --exists --print-errors "check >= 0.9.4"
configure:4374: $? = 0
configure:4387: $PKG_CONFIG --exists --print-errors "check >= 0.9.4"
configure:4390: $? = 0
configure:4444: result: yes
configure:4529: checking for memmove
configure:4529: gcc -o conftest -g -O2   conftest.c  >&5
conftest.c:44: warning: conflicting types for built-in function 'memmove'
configure:4529: $? = 0
configure:4529: result: yes
configure:4538: checking whether byte ordering is bigendian
configure:4553: gcc -c -g -O2  conftest.c >&5
configure:4553: $? = 0
configure:4598: gcc -c -g -O2  conftest.c >&5
configure:4598: $? = 0
configure:4616: gcc -c -g -O2  conftest.c >&5
conftest.c: In function 'main':
conftest.c:29: error: 'not' undeclared (first use in this function)
conftest.c:29: error: (Each undeclared identifier is reported only once
conftest.c:29: error: for each function it appears in.)
conftest.c:29: error: syntax error before 'big'
configure:4616: $? = 1
configure: failed program was:
| /* confdefs.h */
| #define PACKAGE_NAME "libstrophe"
| #define PACKAGE_TARNAME "libstrophe"
| #define PACKAGE_VERSION "trunk"
| #define PACKAGE_STRING "libstrophe trunk"
| #define PACKAGE_BUGREPORT "jack@metajack.im"
| #define PACKAGE_URL ""
| #define PACKAGE "libstrophe"
| #define VERSION "trunk"
| #define STDC_HEADERS 1
| #define HAVE_SYS_TYPES_H 1
| #define HAVE_SYS_STAT_H 1
| #define HAVE_STDLIB_H 1
| #define HAVE_STRING_H 1
| #define HAVE_MEMORY_H 1
| #define HAVE_STRINGS_H 1
| #define HAVE_INTTYPES_H 1
| #define HAVE_STDINT_H 1
| #define HAVE_UNISTD_H 1
| #define HAVE_MEMMOVE 1
| /* end confdefs.h.  */
| #include <sys/types.h>
| 		#include <sys/param.h>
| 
| int
| main ()
| {
| #if BYTE_ORDER != BIG_ENDIAN
| 		 not big endian
| 		#endif
| 
|   ;
|   return 0;
| }
configure:4744: result: no
configure:4775: libstrophe will use the builtin XML parser
configure:4777: checking for library containing socket
configure:4808: gcc -o conftest -g -O2   conftest.c  >&5
configure:4808: $? = 0
configure:4825: result: none required
configure:5022: creating ./config.status

## ---------------------- ##
## Running config.status. ##
## ---------------------- ##

This file was extended by libstrophe config.status trunk, which was
generated by GNU Autoconf 2.65.  Invocation command line was

  CONFIG_FILES    = 
  CONFIG_HEADERS  = 
  CONFIG_LINKS    = 
  CONFIG_COMMANDS = 
  $ ./config.status 

on opengoss

config.status:788: creating Makefile
config.status:951: executing depfiles commands

## ---------------- ##
## Cache variables. ##
## ---------------- ##

ac_cv_c_bigendian=no
ac_cv_c_compiler_gnu=yes
ac_cv_env_CC_set=
ac_cv_env_CC_value=
ac_cv_env_CFLAGS_set=
ac_cv_env_CFLAGS_value=
ac_cv_env_CPPFLAGS_set=
ac_cv_env_CPPFLAGS_value=
ac_cv_env_CPP_set=
ac_cv_env_CPP_value=
ac_cv_env_LDFLAGS_set=
ac_cv_env_LDFLAGS_value=
ac_cv_env_LIBS_set=
ac_cv_env_LIBS_value=
ac_cv_env_PKG_CONFIG_set=
ac_cv_env_PKG_CONFIG_value=
ac_cv_env_build_alias_set=
ac_cv_env_build_alias_value=
ac_cv_env_check_CFLAGS_set=
ac_cv_env_check_CFLAGS_value=
ac_cv_env_check_LIBS_set=
ac_cv_env_check_LIBS_value=
ac_cv_env_host_alias_set=
ac_cv_env_host_alias_value=
ac_cv_env_libxml2_CFLAGS_set=
ac_cv_env_libxml2_CFLAGS_value=
ac_cv_env_libxml2_LIBS_set=
ac_cv_env_libxml2_LIBS_value=
ac_cv_env_target_alias_set=
ac_cv_env_target_alias_value=
ac_cv_func_memmove=yes
ac_cv_header_inttypes_h=yes
ac_cv_header_memory_h=yes
ac_cv_header_openssl_ssl_h=yes
ac_cv_header_stdc=yes
ac_cv_header_stdint_h=yes
ac_cv_header_stdlib_h=yes
ac_cv_header_string_h=yes
ac_cv_header_strings_h=yes
ac_cv_header_sys_stat_h=yes
ac_cv_header_sys_types_h=yes
ac_cv_header_unistd_h=yes
ac_cv_objext=o
ac_cv_path_EGREP='/usr/bin/grep -E'
ac_cv_path_GREP=/usr/bin/grep
ac_cv_path_ac_pt_PKG_CONFIG=/opt/local/bin/pkg-config
ac_cv_path_install='/opt/local/bin/ginstall -c'
ac_cv_path_mkdir=/opt/local/bin/gmkdir
ac_cv_prog_AWK=gawk
ac_cv_prog_CPP='gcc -E'
ac_cv_prog_ac_ct_CC=gcc
ac_cv_prog_ac_ct_RANLIB=ranlib
ac_cv_prog_cc_c89=
ac_cv_prog_cc_g=yes
ac_cv_prog_cc_gcc_c_o=yes
ac_cv_prog_make_make_set=yes
ac_cv_search_socket='none required'
am_cv_CC_dependencies_compiler_type=gcc3
pkg_cv_check_CFLAGS='-I/opt/local/include  '
pkg_cv_check_LIBS='-L/opt/local/lib -lcheck  '

## ----------------- ##
## Output variables. ##
## ----------------- ##

ACLOCAL='${SHELL} /opt/source/libstrophe/missing --run aclocal-1.11'
AMDEPBACKSLASH='\'
AMDEP_FALSE='#'
AMDEP_TRUE=''
AMTAR='${SHELL} /opt/source/libstrophe/missing --run tar'
AUTOCONF='${SHELL} /opt/source/libstrophe/missing --run autoconf'
AUTOHEADER='${SHELL} /opt/source/libstrophe/missing --run autoheader'
AUTOMAKE='${SHELL} /opt/source/libstrophe/missing --run automake-1.11'
AWK='gawk'
BUILD_EXPAT_FALSE='#'
BUILD_EXPAT_TRUE=''
CC='gcc'
CCDEPMODE='depmode=gcc3'
CFLAGS='-g -O2'
CPP='gcc -E'
CPPFLAGS=''
CYGPATH_W='echo'
DEFS='-DPACKAGE_NAME=\"libstrophe\" -DPACKAGE_TARNAME=\"libstrophe\" -DPACKAGE_VERSION=\"trunk\" -DPACKAGE_STRING=\"libstrophe\ trunk\" -DPACKAGE_BUGREPORT=\"jack@metajack.im\" -DPACKAGE_URL=\"\" -DPACKAGE=\"libstrophe\" -DVERSION=\"trunk\" -DSTDC_HEADERS=1 -DHAVE_SYS_TYPES_H=1 -DHAVE_SYS_STAT_H=1 -DHAVE_STDLIB_H=1 -DHAVE_STRING_H=1 -DHAVE_MEMORY_H=1 -DHAVE_STRINGS_H=1 -DHAVE_INTTYPES_H=1 -DHAVE_STDINT_H=1 -DHAVE_UNISTD_H=1 -DHAVE_MEMMOVE=1 -DBYTEORDER=4321'
DEPDIR='.deps'
ECHO_C='\c'
ECHO_N=''
ECHO_T=''
EGREP='/usr/bin/grep -E'
EXEEXT=''
GREP='/usr/bin/grep'
INSTALL_DATA='${INSTALL} -m 644'
INSTALL_PROGRAM='${INSTALL}'
INSTALL_SCRIPT='${INSTALL}'
INSTALL_STRIP_PROGRAM='$(install_sh) -c -s'
LDFLAGS=''
LIBOBJS=''
LIBS=''
LTLIBOBJS=''
MAKEINFO='${SHELL} /opt/source/libstrophe/missing --run makeinfo'
MKDIR_P='/opt/local/bin/gmkdir -p'
OBJEXT='o'
PACKAGE='libstrophe'
PACKAGE_BUGREPORT='jack@metajack.im'
PACKAGE_NAME='libstrophe'
PACKAGE_STRING='libstrophe trunk'
PACKAGE_TARNAME='libstrophe'
PACKAGE_URL=''
PACKAGE_VERSION='trunk'
PARSER_CFLAGS='$(builtin_CFLAGS)'
PARSER_EXPAT_FALSE='#'
PARSER_EXPAT_TRUE=''
PARSER_LIBS='$(builtin_LIBS)'
PARSER_NAME='expat'
PATH_SEPARATOR=':'
PKG_CONFIG='/opt/local/bin/pkg-config'
RANLIB='ranlib'
SET_MAKE=''
SHELL='/bin/sh'
STRIP=''
VERSION='trunk'
ac_ct_CC='gcc'
am__EXEEXT_FALSE=''
am__EXEEXT_TRUE='#'
am__fastdepCC_FALSE='#'
am__fastdepCC_TRUE=''
am__include='include'
am__isrc=''
am__leading_dot='.'
am__quote=''
am__tar='${AMTAR} chof - "$$tardir"'
am__untar='${AMTAR} xf -'
bindir='${exec_prefix}/bin'
build_alias=''
check_CFLAGS='-I/opt/local/include  '
check_LIBS='-L/opt/local/lib -lcheck  '
datadir='${datarootdir}'
datarootdir='${prefix}/share'
docdir='${datarootdir}/doc/${PACKAGE_TARNAME}'
dvidir='${docdir}'
exec_prefix='${prefix}'
host_alias=''
htmldir='${docdir}'
includedir='${prefix}/include'
infodir='${datarootdir}/info'
install_sh='${SHELL} /opt/source/libstrophe/install-sh'
libdir='${exec_prefix}/lib'
libexecdir='${exec_prefix}/libexec'
libxml2_CFLAGS=''
libxml2_LIBS=''
localedir='${datarootdir}/locale'
localstatedir='${prefix}/var'
mandir='${datarootdir}/man'
mkdir_p='/opt/local/bin/gmkdir -p'
oldincludedir='/usr/include'
pdfdir='${docdir}'
prefix='/usr/local'
program_transform_name='s,x,x,'
psdir='${docdir}'
sbindir='${exec_prefix}/sbin'
sharedstatedir='${prefix}/com'
sysconfdir='${prefix}/etc'
target_alias=''

## ----------- ##
## confdefs.h. ##
## ----------- ##

/* confdefs.h */
#define PACKAGE_NAME "libstrophe"
#define PACKAGE_TARNAME "libstrophe"
#define PACKAGE_VERSION "trunk"
#define PACKAGE_STRING "libstrophe trunk"
#define PACKAGE_BUGREPORT "jack@metajack.im"
#define PACKAGE_URL ""
#define PACKAGE "libstrophe"
#define VERSION "trunk"
#define STDC_HEADERS 1
#define HAVE_SYS_TYPES_H 1
#define HAVE_SYS_STAT_H 1
#define HAVE_STDLIB_H 1
#define HAVE_STRING_H 1
#define HAVE_MEMORY_H 1
#define HAVE_STRINGS_H 1
#define HAVE_INTTYPES_H 1
#define HAVE_STDINT_H 1
#define HAVE_UNISTD_H 1
#define HAVE_MEMMOVE 1
#define BYTEORDER 4321

configure: exit 0
